TN:
SF:api/controllers/carePlanController.ts
FN:6,(anonymous_0)
FN:12,(anonymous_1)
FN:27,(anonymous_2)
FN:42,(anonymous_3)
FNF:4
FNH:4
FNDA:2,(anonymous_0)
FNDA:2,(anonymous_1)
FNDA:2,(anonymous_2)
FNDA:2,(anonymous_3)
DA:2,2
DA:3,2
DA:4,2
DA:6,2
DA:7,2
DA:8,2
DA:9,2
DA:12,2
DA:13,2
DA:14,2
DA:23,2
DA:24,2
DA:27,2
DA:28,2
DA:29,2
DA:30,2
DA:38,2
DA:39,2
DA:42,2
DA:43,2
DA:44,2
DA:45,2
DA:47,2
LF:23
LH:23
BRF:0
BRH:0
end_of_record
TN:
SF:api/controllers/conversationsController.ts
FN:6,(anonymous_0)
FN:12,(anonymous_1)
FN:27,(anonymous_2)
FN:39,(anonymous_3)
FNF:4
FNH:4
FNDA:2,(anonymous_0)
FNDA:2,(anonymous_1)
FNDA:2,(anonymous_2)
FNDA:2,(anonymous_3)
DA:2,2
DA:3,2
DA:4,2
DA:6,2
DA:7,2
DA:8,2
DA:9,2
DA:12,2
DA:13,2
DA:14,2
DA:23,2
DA:24,2
DA:27,2
DA:28,2
DA:29,2
DA:30,2
DA:35,2
DA:36,2
DA:39,2
DA:40,2
DA:41,2
DA:42,2
DA:45,2
LF:23
LH:23
BRF:0
BRH:0
end_of_record
TN:
SF:api/controllers/messageController.ts
FN:6,(anonymous_0)
FN:12,(anonymous_1)
FN:18,(anonymous_2)
FN:33,(anonymous_3)
FN:40,(anonymous_4)
FNF:5
FNH:5
FNDA:2,(anonymous_0)
FNDA:2,(anonymous_1)
FNDA:2,(anonymous_2)
FNDA:2,(anonymous_3)
FNDA:2,(anonymous_4)
DA:2,2
DA:3,2
DA:4,2
DA:6,2
DA:7,2
DA:8,2
DA:9,2
DA:12,2
DA:13,2
DA:14,2
DA:15,2
DA:18,2
DA:19,2
DA:20,2
DA:29,2
DA:30,2
DA:33,2
DA:34,2
DA:35,2
DA:36,2
DA:37,2
DA:40,2
DA:41,2
DA:42,2
DA:43,2
DA:46,2
LF:26
LH:26
BRF:0
BRH:0
end_of_record
TN:
SF:api/controllers/userController.ts
FN:6,(anonymous_0)
FN:24,(anonymous_1)
FN:42,(anonymous_2)
FN:48,(anonymous_3)
FN:54,(anonymous_4)
FN:59,(anonymous_5)
FN:64,(anonymous_6)
FN:70,(anonymous_7)
FN:77,(anonymous_8)
FNF:9
FNH:9
FNDA:2,(anonymous_0)
FNDA:2,(anonymous_1)
FNDA:2,(anonymous_2)
FNDA:2,(anonymous_3)
FNDA:1,(anonymous_4)
FNDA:2,(anonymous_5)
FNDA:2,(anonymous_6)
FNDA:3,(anonymous_7)
FNDA:5,(anonymous_8)
DA:1,2
DA:3,2
DA:4,2
DA:6,2
DA:7,2
DA:8,2
DA:20,2
DA:21,2
DA:24,2
DA:25,2
DA:26,2
DA:27,2
DA:38,2
DA:39,2
DA:42,2
DA:43,2
DA:44,2
DA:45,2
DA:48,2
DA:49,2
DA:50,2
DA:51,2
DA:54,2
DA:55,1
DA:56,1
DA:59,2
DA:60,2
DA:61,2
DA:64,2
DA:65,2
DA:66,2
DA:67,2
DA:70,2
DA:71,3
DA:72,3
DA:73,2
DA:74,2
DA:77,2
DA:78,5
DA:79,5
DA:80,3
DA:82,2
DA:83,2
DA:86,2
LF:44
LH:44
BRDA:72,0,0,1
BRDA:79,1,0,3
BRDA:79,2,0,5
BRDA:79,2,1,4
BRF:4
BRH:4
end_of_record
TN:
SF:api/services/careplans.ts
FN:9,(anonymous_1)
FN:14,(anonymous_2)
FN:19,(anonymous_3)
FN:24,(anonymous_4)
FNF:4
FNH:4
FNDA:1,(anonymous_1)
FNDA:1,(anonymous_2)
FNDA:1,(anonymous_3)
FNDA:1,(anonymous_4)
DA:1,3
DA:3,3
DA:4,3
DA:6,3
DA:7,3
DA:9,3
DA:10,1
DA:11,1
DA:14,3
DA:15,1
DA:16,1
DA:19,3
DA:20,1
DA:21,1
DA:24,3
DA:25,1
DA:26,1
DA:28,3
LF:18
LH:18
BRF:0
BRH:0
end_of_record
TN:
SF:api/services/conversations.ts
FN:9,(anonymous_1)
FN:14,(anonymous_2)
FN:19,(anonymous_3)
FN:24,(anonymous_4)
FNF:4
FNH:4
FNDA:1,(anonymous_1)
FNDA:1,(anonymous_2)
FNDA:1,(anonymous_3)
FNDA:1,(anonymous_4)
DA:1,3
DA:3,3
DA:4,3
DA:6,3
DA:7,3
DA:9,3
DA:10,1
DA:11,1
DA:14,3
DA:15,1
DA:16,1
DA:19,3
DA:20,1
DA:21,1
DA:24,3
DA:25,1
DA:26,1
DA:29,3
LF:18
LH:18
BRF:0
BRH:0
end_of_record
TN:
SF:api/services/message.ts
FN:9,(anonymous_1)
FN:14,(anonymous_2)
FN:19,(anonymous_3)
FN:24,(anonymous_4)
FN:29,(anonymous_5)
FNF:5
FNH:5
FNDA:1,(anonymous_1)
FNDA:1,(anonymous_2)
FNDA:1,(anonymous_3)
FNDA:1,(anonymous_4)
FNDA:1,(anonymous_5)
DA:1,3
DA:3,3
DA:4,3
DA:6,3
DA:7,3
DA:9,3
DA:10,1
DA:11,1
DA:14,3
DA:15,1
DA:16,1
DA:19,3
DA:20,1
DA:21,1
DA:24,3
DA:25,1
DA:26,1
DA:29,3
DA:30,1
DA:31,1
DA:33,3
LF:21
LH:21
BRF:0
BRH:0
end_of_record
TN:
SF:api/services/users.ts
FN:9,(anonymous_1)
FN:14,(anonymous_2)
FN:19,(anonymous_3)
FN:24,(anonymous_4)
FN:29,(anonymous_5)
FN:33,(anonymous_6)
FN:38,(anonymous_7)
FN:43,(anonymous_8)
FN:48,(anonymous_9)
FNF:9
FNH:9
FNDA:2,(anonymous_1)
FNDA:1,(anonymous_2)
FNDA:1,(anonymous_3)
FNDA:2,(anonymous_4)
FNDA:1,(anonymous_5)
FNDA:1,(anonymous_6)
FNDA:1,(anonymous_7)
FNDA:1,(anonymous_8)
FNDA:1,(anonymous_9)
DA:1,3
DA:3,3
DA:4,3
DA:6,3
DA:7,3
DA:9,3
DA:10,2
DA:11,2
DA:14,3
DA:15,1
DA:16,1
DA:19,3
DA:20,1
DA:21,1
DA:24,3
DA:25,2
DA:26,2
DA:29,3
DA:30,1
DA:33,3
DA:34,1
DA:35,1
DA:38,3
DA:39,1
DA:40,1
DA:43,3
DA:44,1
DA:45,1
DA:48,3
DA:49,1
DA:53,1
DA:57,1
DA:60,3
LF:33
LH:33
BRF:0
BRH:0
end_of_record
TN:
SF:middleware/auth.ts
FN:29,(anonymous_1)
FN:30,(anonymous_2)
FN:38,(anonymous_3)
FN:47,(anonymous_4)
FNF:4
FNH:4
FNDA:3,(anonymous_1)
FNDA:3,(anonymous_2)
FNDA:3,(anonymous_3)
FNDA:6,(anonymous_4)
DA:2,1
DA:3,1
DA:4,1
DA:5,1
DA:6,1
DA:16,1
DA:29,1
DA:30,3
DA:31,3
DA:32,2
DA:34,1
DA:38,1
DA:39,3
DA:40,3
DA:41,3
DA:42,2
DA:44,1
DA:47,1
DA:48,6
DA:49,6
DA:50,6
DA:51,1
DA:53,5
DA:54,1
DA:56,4
DA:57,4
DA:58,3
DA:59,1
DA:63,3
DA:66,1
LF:30
LH:30
BRDA:31,0,0,2
BRDA:41,1,0,2
BRDA:41,2,0,3
BRDA:41,2,1,2
BRDA:50,3,0,1
BRDA:53,4,0,1
BRDA:58,5,0,1
BRF:7
BRH:7
end_of_record
