TN:
SF:api/controllers/carePlanController.ts
FN:8,(anonymous_9)
FN:14,(anonymous_10)
FN:18,(anonymous_11)
FN:25,(anonymous_12)
FN:40,(anonymous_13)
FN:45,(anonymous_14)
FN:50,(anonymous_15)
FN:57,(anonymous_16)
FN:58,(anonymous_17)
FN:74,(anonymous_18)
FN:89,(anonymous_19)
FNF:11
FNH:7
FNDA:1,(anonymous_9)
FNDA:0,(anonymous_10)
FNDA:0,(anonymous_11)
FNDA:1,(anonymous_12)
FNDA:1,(anonymous_13)
FNDA:1,(anonymous_14)
FNDA:1,(anonymous_15)
FNDA:0,(anonymous_16)
FNDA:0,(anonymous_17)
FNDA:1,(anonymous_18)
FNDA:1,(anonymous_19)
DA:2,1
DA:3,1
DA:4,1
DA:5,1
DA:6,1
DA:8,1
DA:9,1
DA:10,1
DA:11,1
DA:14,1
DA:15,0
DA:16,0
DA:17,0
DA:18,0
DA:19,0
DA:20,0
DA:21,0
DA:22,0
DA:25,1
DA:26,1
DA:27,1
DA:36,1
DA:37,1
DA:40,1
DA:41,1
DA:42,1
DA:45,1
DA:46,1
DA:47,1
DA:50,1
DA:51,1
DA:52,1
DA:53,1
DA:54,0
DA:55,0
DA:56,0
DA:57,0
DA:58,0
DA:59,0
DA:60,0
DA:68,0
DA:69,0
DA:74,1
DA:75,1
DA:76,1
DA:77,1
DA:85,1
DA:86,1
DA:89,1
DA:90,1
DA:91,1
DA:92,1
DA:94,1
LF:53
LH:36
BRDA:17,0,0,0
BRDA:20,1,0,0
BRDA:20,2,0,0
BRDA:20,2,1,0
BRDA:53,3,0,1
BRDA:54,4,0,0
BRDA:57,5,0,0
BRDA:57,5,1,0
BRDA:58,6,0,0
BRDA:58,6,1,0
BRDA:58,7,0,0
BRDA:58,7,1,0
BRDA:58,8,0,0
BRDA:58,8,1,0
BRF:14
BRH:1
end_of_record
TN:
SF:api/controllers/homeworks.ts
FN:5,(anonymous_0)
FN:11,(anonymous_1)
FN:17,(anonymous_2)
FN:35,(anonymous_3)
FN:54,(anonymous_4)
FNF:5
FNH:5
FNDA:2,(anonymous_0)
FNDA:1,(anonymous_1)
FNDA:1,(anonymous_2)
FNDA:1,(anonymous_3)
FNDA:1,(anonymous_4)
DA:2,1
DA:3,1
DA:5,1
DA:6,2
DA:7,2
DA:8,2
DA:11,1
DA:12,1
DA:13,1
DA:14,1
DA:17,1
DA:18,1
DA:19,1
DA:20,1
DA:31,1
DA:32,1
DA:35,1
DA:36,1
DA:37,1
DA:38,1
DA:49,1
DA:50,1
DA:51,1
DA:54,1
DA:55,1
DA:56,1
DA:57,1
DA:60,1
LF:28
LH:28
BRF:0
BRH:0
end_of_record
TN:
SF:api/controllers/meetingRecordings.ts
FN:36,(anonymous_1)
FN:52,(anonymous_2)
FN:74,(anonymous_3)
FN:125,(anonymous_4)
FN:140,(anonymous_5)
FN:150,(anonymous_6)
FN:167,(anonymous_7)
FN:190,(anonymous_8)
FN:197,(anonymous_9)
FN:207,generateToken
FN:223,createRoom
FN:245,transcribeRecordingAsync
FN:284,processRecording
FN:390,(anonymous_14)
FN:404,(anonymous_15)
FN:435,(anonymous_16)
FN:459,(anonymous_17)
FN:484,(anonymous_18)
FNF:18
FNH:16
FNDA:2,(anonymous_1)
FNDA:4,(anonymous_2)
FNDA:2,(anonymous_3)
FNDA:1,(anonymous_4)
FNDA:2,(anonymous_5)
FNDA:2,(anonymous_6)
FNDA:2,(anonymous_7)
FNDA:1,(anonymous_8)
FNDA:1,(anonymous_9)
FNDA:3,generateToken
FNDA:1,createRoom
FNDA:1,transcribeRecordingAsync
FNDA:3,processRecording
FNDA:0,(anonymous_14)
FNDA:2,(anonymous_15)
FNDA:2,(anonymous_16)
FNDA:4,(anonymous_17)
FNDA:0,(anonymous_18)
DA:2,1
DA:3,1
DA:4,1
DA:6,1
DA:7,1
DA:8,1
DA:9,1
DA:10,1
DA:11,1
DA:23,1
DA:33,1
DA:34,1
DA:36,1
DA:37,2
DA:43,2
DA:52,1
DA:53,4
DA:54,0
DA:59,4
DA:60,4
DA:62,4
DA:67,4
DA:74,1
DA:75,2
DA:76,2
DA:77,2
DA:79,2
DA:80,1
DA:83,1
DA:86,1
DA:87,0
DA:88,0
DA:91,1
DA:92,1
DA:93,1
DA:95,1
DA:104,1
DA:105,1
DA:107,1
DA:117,1
DA:118,1
DA:120,0
DA:121,0
DA:125,1
DA:126,1
DA:127,1
DA:136,1
DA:137,1
DA:140,1
DA:141,2
DA:142,2
DA:143,1
DA:144,1
DA:146,1
DA:149,1
DA:151,2
DA:152,2
DA:153,2
DA:154,2
DA:156,0
DA:157,0
DA:160,0
DA:164,1
DA:167,1
DA:168,2
DA:169,2
DA:171,2
DA:172,1
DA:173,1
DA:177,1
DA:178,1
DA:179,1
DA:180,1
DA:182,0
DA:183,0
DA:186,0
DA:190,1
DA:191,1
DA:192,1
DA:193,1
DA:194,1
DA:197,1
DA:198,1
DA:199,1
DA:200,1
DA:204,1
DA:208,3
DA:209,3
DA:210,3
DA:211,0
DA:213,3
DA:218,3
DA:219,3
DA:224,1
DA:226,1
DA:234,1
DA:235,0
DA:236,0
DA:238,1
DA:239,1
DA:246,1
DA:248,1
DA:250,1
DA:251,1
DA:253,1
DA:255,0
DA:256,0
DA:259,0
DA:260,0
DA:261,0
DA:263,0
DA:265,0
DA:266,0
DA:268,0
DA:271,0
DA:275,1
DA:278,0
DA:285,3
DA:287,3
DA:288,3
DA:289,1
DA:290,1
DA:293,2
DA:294,2
DA:295,2
DA:298,2
DA:299,2
DA:300,0
DA:303,2
DA:304,1
DA:305,1
DA:307,1
DA:308,0
DA:312,1
DA:313,1
DA:314,1
DA:316,1
DA:319,1
DA:320,1
DA:329,1
DA:330,1
DA:332,0
DA:333,0
DA:334,0
DA:353,0
DA:354,0
DA:356,0
DA:360,1
DA:370,1
DA:371,1
DA:375,1
DA:377,1
DA:389,1
DA:390,1
DA:391,0
DA:395,0
DA:400,1
DA:404,1
DA:405,2
DA:406,2
DA:407,2
DA:408,2
DA:409,1
DA:410,1
DA:413,1
DA:419,1
DA:420,1
DA:421,1
DA:422,1
DA:427,1
DA:429,0
DA:430,0
DA:435,1
DA:436,2
DA:437,2
DA:438,2
DA:439,0
DA:440,0
DA:442,2
DA:443,2
DA:444,0
DA:446,2
DA:447,0
DA:449,2
DA:450,2
DA:451,1
DA:452,1
DA:454,1
DA:455,1
DA:459,1
DA:460,4
DA:461,4
DA:462,4
DA:464,4
DA:465,4
DA:466,1
DA:467,1
DA:470,3
DA:471,3
DA:472,1
DA:473,1
DA:475,2
DA:476,2
DA:477,2
DA:479,2
DA:484,1
DA:485,0
DA:486,0
DA:487,0
DA:488,0
DA:490,0
DA:491,0
DA:493,0
DA:494,0
DA:495,0
DA:498,0
DA:499,0
DA:500,0
DA:501,0
DA:503,0
DA:504,0
DA:505,0
DA:507,0
DA:512,1
DA:513,1
DA:514,1
DA:515,1
DA:516,1
DA:517,1
DA:518,1
DA:519,1
DA:520,1
DA:521,1
LF:233
LH:175
BRDA:24,0,0,1
BRDA:24,0,1,0
BRDA:25,1,0,1
BRDA:25,1,1,0
BRDA:25,2,0,1
BRDA:25,2,1,1
BRDA:34,3,0,1
BRDA:34,3,1,0
BRDA:43,4,0,2
BRDA:43,4,1,0
BRDA:52,5,0,3
BRDA:53,6,0,0
BRDA:79,7,0,1
BRDA:79,8,0,2
BRDA:79,8,1,1
BRDA:79,8,2,1
BRDA:86,9,0,0
BRDA:92,10,0,1
BRDA:92,10,1,0
BRDA:100,11,0,1
BRDA:100,11,1,0
BRDA:131,12,0,1
BRDA:131,12,1,1
BRDA:133,13,0,1
BRDA:133,13,1,1
BRDA:134,14,0,1
BRDA:134,14,1,1
BRDA:142,15,0,1
BRDA:142,16,0,2
BRDA:142,16,1,1
BRDA:151,17,0,2
BRDA:171,18,0,1
BRDA:177,19,0,1
BRDA:177,19,1,0
BRDA:210,20,0,0
BRDA:210,21,0,3
BRDA:210,21,1,3
BRDA:218,22,0,2
BRDA:234,23,0,0
BRDA:253,24,0,0
BRDA:253,24,1,1
BRDA:263,25,0,0
BRDA:263,25,1,0
BRDA:288,26,0,1
BRDA:299,27,0,0
BRDA:304,28,0,1
BRDA:304,28,1,0
BRDA:307,29,0,0
BRDA:333,30,0,0
BRDA:333,31,0,0
BRDA:333,31,1,0
BRDA:378,32,0,1
BRDA:378,32,1,0
BRDA:379,33,0,1
BRDA:379,33,1,1
BRDA:380,34,0,1
BRDA:380,34,1,1
BRDA:381,35,0,1
BRDA:381,35,1,1
BRDA:389,36,0,1
BRDA:389,36,1,0
BRDA:408,37,0,1
BRDA:408,38,0,2
BRDA:408,38,1,1
BRDA:438,39,0,0
BRDA:438,40,0,2
BRDA:438,40,1,2
BRDA:438,40,2,2
BRDA:443,41,0,0
BRDA:443,42,0,2
BRDA:443,42,1,0
BRDA:446,43,0,0
BRDA:446,44,0,2
BRDA:446,44,1,0
BRDA:450,45,0,1
BRDA:465,46,0,1
BRDA:465,47,0,4
BRDA:465,47,1,3
BRDA:476,48,0,2
BRDA:479,49,0,2
BRDA:479,49,1,0
BRDA:490,50,0,0
BRDA:490,50,1,0
BRDA:493,51,0,0
BRDA:493,52,0,0
BRDA:493,52,1,0
BRDA:493,52,2,0
BRDA:504,53,0,0
BRF:88
BRH:53
end_of_record
TN:
SF:api/controllers/therabotConversationsController.ts
FN:12,(anonymous_9)
FN:16,(anonymous_10)
FN:23,(anonymous_11)
FN:26,(anonymous_12)
FN:33,(anonymous_13)
FN:39,(anonymous_14)
FN:54,(anonymous_15)
FN:63,(anonymous_16)
FN:69,(anonymous_17)
FNF:9
FNH:9
FNDA:4,(anonymous_9)
FNDA:3,(anonymous_10)
FNDA:3,(anonymous_11)
FNDA:2,(anonymous_12)
FNDA:1,(anonymous_13)
FNDA:1,(anonymous_14)
FNDA:1,(anonymous_15)
FNDA:1,(anonymous_16)
FNDA:6,(anonymous_17)
DA:2,1
DA:10,1
DA:12,1
DA:13,4
DA:14,4
DA:15,4
DA:16,6
DA:17,3
DA:18,3
DA:19,1
DA:20,1
DA:23,1
DA:24,3
DA:25,3
DA:26,4
DA:27,2
DA:28,2
DA:29,1
DA:30,1
DA:33,1
DA:34,1
DA:35,1
DA:36,1
DA:39,1
DA:40,1
DA:41,1
DA:50,1
DA:51,1
DA:54,1
DA:55,1
DA:56,1
DA:57,1
DA:58,1
DA:59,1
DA:60,1
DA:63,1
DA:64,1
DA:65,1
DA:66,1
DA:69,1
DA:70,6
DA:71,6
DA:72,6
DA:74,5
DA:75,5
DA:76,4
DA:77,3
DA:78,3
DA:79,3
DA:81,1
DA:83,1
DA:87,1
DA:88,1
DA:89,1
DA:90,1
DA:91,1
DA:92,1
DA:93,1
LF:58
LH:58
BRDA:15,0,0,1
BRDA:18,1,0,2
BRDA:18,2,0,3
BRDA:18,2,1,2
BRDA:25,3,0,1
BRDA:28,4,0,1
BRDA:72,5,0,1
BRDA:75,6,0,1
BRDA:76,7,0,1
BRDA:79,8,0,2
BRDA:79,9,0,3
BRDA:79,9,1,2
BRF:12
BRH:12
end_of_record
TN:
SF:api/controllers/therabotMessagesController.ts
FN:14,(anonymous_0)
FN:20,(anonymous_1)
FN:26,(anonymous_2)
FN:63,(anonymous_3)
FN:89,(anonymous_4)
FN:97,(anonymous_5)
FNF:6
FNH:6
FNDA:1,(anonymous_0)
FNDA:1,(anonymous_1)
FNDA:6,(anonymous_2)
FNDA:2,(anonymous_3)
FNDA:1,(anonymous_4)
FNDA:1,(anonymous_5)
DA:3,1
DA:10,1
DA:11,1
DA:12,1
DA:14,1
DA:15,1
DA:16,1
DA:17,1
DA:20,1
DA:21,1
DA:22,1
DA:23,1
DA:26,1
DA:27,6
DA:28,6
DA:30,6
DA:31,6
DA:32,6
DA:33,6
DA:34,2
DA:37,4
DA:38,1
DA:47,1
DA:48,1
DA:51,3
DA:60,3
DA:62,3
DA:63,3
DA:64,2
DA:68,3
DA:69,3
DA:71,1
DA:72,1
DA:75,3
DA:84,3
DA:86,3
DA:89,1
DA:90,1
DA:91,1
DA:92,1
DA:93,1
DA:94,1
DA:97,1
DA:98,1
DA:99,1
DA:100,1
DA:104,1
DA:105,1
DA:106,1
DA:107,1
DA:108,1
LF:51
LH:51
BRDA:33,0,0,2
BRDA:33,1,0,6
BRDA:33,1,1,5
BRDA:37,2,0,1
BRDA:64,3,0,1
BRDA:64,3,1,1
BRDA:69,4,0,3
BRDA:69,4,1,1
BRF:8
BRH:8
end_of_record
TN:
SF:api/controllers/userController.ts
FN:6,(anonymous_9)
FN:24,(anonymous_10)
FN:42,(anonymous_11)
FN:48,(anonymous_12)
FN:54,(anonymous_13)
FN:59,(anonymous_14)
FN:64,(anonymous_15)
FN:70,(anonymous_16)
FN:77,(anonymous_17)
FN:80,(anonymous_18)
FN:82,(anonymous_19)
FN:85,(anonymous_20)
FN:89,(anonymous_21)
FN:97,(anonymous_22)
FNF:14
FNH:14
FNDA:1,(anonymous_9)
FNDA:1,(anonymous_10)
FNDA:1,(anonymous_11)
FNDA:1,(anonymous_12)
FNDA:1,(anonymous_13)
FNDA:1,(anonymous_14)
FNDA:1,(anonymous_15)
FNDA:2,(anonymous_16)
FNDA:4,(anonymous_17)
FNDA:3,(anonymous_18)
FNDA:5,(anonymous_19)
FNDA:3,(anonymous_20)
FNDA:3,(anonymous_21)
FNDA:3,(anonymous_22)
DA:1,1
DA:3,1
DA:4,1
DA:6,1
DA:7,1
DA:8,1
DA:20,1
DA:21,1
DA:24,1
DA:25,1
DA:26,1
DA:27,1
DA:38,1
DA:39,1
DA:42,1
DA:43,1
DA:44,1
DA:45,1
DA:48,1
DA:49,1
DA:50,1
DA:51,1
DA:54,1
DA:55,1
DA:56,1
DA:59,1
DA:60,1
DA:61,1
DA:64,1
DA:65,1
DA:66,1
DA:67,1
DA:70,1
DA:71,2
DA:72,2
DA:73,1
DA:74,1
DA:77,1
DA:78,4
DA:79,4
DA:80,6
DA:81,3
DA:82,3
DA:83,5
DA:84,5
DA:85,3
DA:87,5
DA:89,3
DA:90,3
DA:91,2
DA:92,1
DA:94,3
DA:97,1
DA:98,3
DA:99,3
DA:100,2
DA:102,1
DA:103,1
DA:106,1
LF:59
LH:59
BRDA:72,0,0,1
BRDA:79,1,0,1
BRDA:84,2,0,3
BRDA:84,2,1,2
BRDA:85,3,0,3
BRDA:85,3,1,1
BRDA:87,4,0,5
BRDA:87,4,1,2
BRDA:90,5,0,1
BRDA:91,6,0,1
BRDA:99,7,0,2
BRDA:99,8,0,3
BRDA:99,8,1,2
BRF:13
BRH:13
end_of_record
TN:
SF:api/controllers/videoSDKController.ts
FN:9,(anonymous_1)
FN:53,(anonymous_2)
FN:131,(anonymous_3)
FNF:3
FNH:3
FNDA:3,(anonymous_1)
FNDA:3,(anonymous_2)
FNDA:2,(anonymous_3)
DA:2,1
DA:3,1
DA:9,1
DA:10,3
DA:11,3
DA:12,3
DA:14,3
DA:15,1
DA:20,2
DA:22,2
DA:27,2
DA:33,2
DA:34,1
DA:36,2
DA:37,0
DA:40,2
DA:42,1
DA:44,1
DA:45,1
DA:53,1
DA:54,3
DA:55,3
DA:56,3
DA:58,3
DA:59,1
DA:64,2
DA:65,2
DA:67,2
DA:68,1
DA:72,1
DA:77,1
DA:82,1
DA:85,1
DA:94,1
DA:95,0
DA:96,0
DA:97,0
DA:103,1
DA:104,1
DA:107,1
DA:108,1
DA:109,1
DA:112,0
DA:113,0
DA:116,1
DA:117,1
DA:122,0
DA:123,0
DA:131,1
DA:132,2
DA:133,2
DA:134,2
DA:135,2
DA:137,2
DA:138,0
DA:144,2
DA:149,2
DA:155,2
DA:158,2
DA:166,2
DA:167,1
DA:173,1
DA:176,1
DA:177,1
DA:179,1
DA:180,1
DA:181,1
DA:182,1
DA:184,1
DA:187,1
DA:188,0
DA:189,0
DA:191,1
DA:195,1
DA:200,0
DA:201,0
LF:76
LH:63
BRDA:14,0,0,1
BRDA:14,1,0,3
BRDA:14,1,1,2
BRDA:20,2,0,1
BRDA:29,3,0,2
BRDA:29,3,1,0
BRDA:33,4,0,1
BRDA:36,5,0,0
BRDA:58,6,0,1
BRDA:58,7,0,3
BRDA:58,7,1,2
BRDA:67,8,0,1
BRDA:94,9,0,0
BRDA:107,10,0,1
BRDA:107,10,1,0
BRDA:137,11,0,0
BRDA:137,12,0,2
BRDA:137,12,1,2
BRDA:166,13,0,1
BRDA:179,14,0,1
BRDA:187,15,0,0
BRDA:187,15,1,1
BRDA:187,16,0,1
BRDA:187,16,1,1
BRDA:187,16,2,0
BRDA:197,17,0,1
BRDA:197,17,1,0
BRF:27
BRH:19
end_of_record
TN:
SF:api/routes/careplan.ts
FNF:0
FNH:0
DA:1,0
DA:2,0
DA:3,0
DA:5,0
DA:7,0
DA:8,0
DA:9,0
DA:10,0
DA:11,0
DA:12,0
DA:15,0
LF:11
LH:0
BRF:0
BRH:0
end_of_record
TN:
SF:api/routes/homeworks.ts
FNF:0
FNH:0
DA:1,0
DA:2,0
DA:10,0
DA:12,0
DA:13,0
DA:14,0
DA:15,0
DA:16,0
DA:18,0
LF:9
LH:0
BRF:0
BRH:0
end_of_record
TN:
SF:api/routes/meeting_recording.ts
FNF:0
FNH:0
DA:1,0
DA:2,0
DA:12,0
DA:14,0
DA:17,0
DA:18,0
DA:19,0
DA:22,0
DA:23,0
DA:24,0
DA:25,0
DA:27,0
LF:12
LH:0
BRF:0
BRH:0
end_of_record
TN:
SF:api/routes/therabot_conversations.ts
FNF:0
FNH:0
DA:1,0
DA:2,0
DA:11,0
DA:19,0
DA:21,0
DA:22,0
DA:29,0
DA:37,0
DA:38,0
DA:45,0
DA:53,0
DA:62,0
LF:12
LH:0
BRF:0
BRH:0
end_of_record
TN:
SF:api/routes/therabot_messages.ts
FNF:0
FNH:0
DA:1,0
DA:2,0
DA:10,0
DA:18,0
DA:20,0
DA:28,0
DA:36,0
DA:44,0
DA:52,0
DA:61,0
LF:10
LH:0
BRF:0
BRH:0
end_of_record
TN:
SF:api/routes/users.ts
FNF:0
FNH:0
DA:1,0
DA:2,0
DA:3,0
DA:5,0
DA:7,0
DA:8,0
DA:9,0
DA:10,0
DA:11,0
DA:12,0
DA:13,0
DA:14,0
DA:15,0
DA:17,0
LF:14
LH:0
BRF:0
BRH:0
end_of_record
TN:
SF:api/routes/videoSDK.ts
FNF:0
FNH:0
DA:1,0
DA:2,0
DA:7,0
DA:9,0
DA:12,0
DA:15,0
DA:18,0
DA:20,0
LF:8
LH:0
BRF:0
BRH:0
end_of_record
TN:
SF:api/services/careplans.ts
FN:9,(anonymous_1)
FN:14,(anonymous_2)
FN:18,(anonymous_3)
FN:23,(anonymous_4)
FN:28,(anonymous_5)
FNF:5
FNH:4
FNDA:1,(anonymous_1)
FNDA:0,(anonymous_2)
FNDA:1,(anonymous_3)
FNDA:1,(anonymous_4)
FNDA:1,(anonymous_5)
DA:1,2
DA:3,2
DA:4,2
DA:6,2
DA:7,2
DA:9,2
DA:10,1
DA:11,1
DA:14,2
DA:15,0
DA:18,2
DA:19,1
DA:20,1
DA:23,2
DA:24,1
DA:25,1
DA:28,2
DA:29,1
DA:30,1
DA:32,2
LF:20
LH:19
BRF:0
BRH:0
end_of_record
TN:
SF:api/services/homeworks.ts
FN:9,(anonymous_1)
FN:14,(anonymous_2)
FN:19,(anonymous_3)
FN:24,(anonymous_4)
FN:29,(anonymous_5)
FNF:5
FNH:5
FNDA:2,(anonymous_1)
FNDA:2,(anonymous_2)
FNDA:1,(anonymous_3)
FNDA:2,(anonymous_4)
FNDA:2,(anonymous_5)
DA:1,2
DA:3,2
DA:4,2
DA:6,2
DA:7,2
DA:9,2
DA:10,2
DA:11,2
DA:14,2
DA:15,2
DA:16,2
DA:19,2
DA:20,1
DA:21,1
DA:24,2
DA:25,2
DA:26,2
DA:29,2
DA:30,2
DA:31,2
DA:34,2
LF:21
LH:21
BRF:0
BRH:0
end_of_record
TN:
SF:api/services/meetingSession.ts
FN:4,setSession
FN:8,getSession
FN:12,getSessionByParticipants
FN:19,deleteSession
FNF:4
FNH:4
FNDA:8,setSession
FNDA:32,getSession
FNDA:21,getSessionByParticipants
FNDA:8,deleteSession
DA:2,3
DA:4,3
DA:5,8
DA:8,3
DA:9,32
DA:12,3
DA:13,21
DA:14,3
DA:16,19
DA:19,3
DA:20,8
LF:11
LH:11
BRDA:14,0,0,2
BRDA:14,1,0,3
BRDA:14,1,1,2
BRF:3
BRH:3
end_of_record
TN:
SF:api/services/meeting_recordings.ts
FN:9,(anonymous_1)
FN:16,(anonymous_2)
FN:23,(anonymous_3)
FN:29,(anonymous_4)
FN:35,(anonymous_5)
FNF:5
FNH:5
FNDA:1,(anonymous_1)
FNDA:1,(anonymous_2)
FNDA:2,(anonymous_3)
FNDA:1,(anonymous_4)
FNDA:1,(anonymous_5)
DA:2,2
DA:3,2
DA:4,2
DA:6,2
DA:7,2
DA:9,2
DA:11,1
DA:12,1
DA:13,1
DA:16,2
DA:17,1
DA:20,1
DA:23,2
DA:24,2
DA:26,2
DA:29,2
DA:30,1
DA:32,1
DA:35,2
DA:36,1
DA:38,1
DA:41,2
LF:22
LH:22
BRF:0
BRH:0
end_of_record
TN:
SF:api/services/therabot_conversations.ts
FN:10,(anonymous_1)
FN:16,(anonymous_2)
FN:21,(anonymous_3)
FN:29,(anonymous_4)
FN:33,(anonymous_5)
FN:38,(anonymous_6)
FN:43,(anonymous_7)
FNF:7
FNH:7
FNDA:2,(anonymous_1)
FNDA:1,(anonymous_2)
FNDA:1,(anonymous_3)
FNDA:1,(anonymous_4)
FNDA:1,(anonymous_5)
FNDA:1,(anonymous_6)
FNDA:1,(anonymous_7)
DA:1,3
DA:3,3
DA:4,3
DA:6,3
DA:7,3
DA:8,3
DA:10,3
DA:11,2
DA:12,2
DA:13,1
DA:16,3
DA:17,1
DA:21,1
DA:22,1
DA:23,1
DA:24,1
DA:25,1
DA:26,1
DA:29,1
DA:30,1
DA:33,3
DA:34,1
DA:35,1
DA:38,3
DA:39,1
DA:40,1
DA:43,3
DA:44,1
DA:45,1
DA:49,3
DA:50,3
DA:51,3
DA:52,3
DA:53,3
LF:34
LH:34
BRDA:12,0,0,1
BRDA:24,1,0,1
BRF:2
BRH:2
end_of_record
TN:
SF:api/services/therabot_messages.ts
FN:10,(anonymous_1)
FN:19,(anonymous_2)
FN:25,(anonymous_3)
FN:30,(anonymous_4)
FN:35,(anonymous_5)
FNF:5
FNH:5
FNDA:2,(anonymous_1)
FNDA:2,(anonymous_2)
FNDA:1,(anonymous_3)
FNDA:1,(anonymous_4)
FNDA:1,(anonymous_5)
DA:1,2
DA:3,2
DA:4,2
DA:6,2
DA:7,2
DA:8,2
DA:10,2
DA:11,2
DA:15,2
DA:16,1
DA:19,2
DA:20,2
DA:21,2
DA:22,1
DA:25,2
DA:26,1
DA:27,1
DA:30,2
DA:31,1
DA:32,1
DA:35,2
DA:36,1
DA:37,1
DA:41,2
DA:42,2
DA:43,2
DA:44,2
DA:45,2
LF:28
LH:28
BRDA:15,0,0,1
BRDA:21,1,0,1
BRF:2
BRH:2
end_of_record
TN:
SF:api/services/transcription.ts
FN:10,guessFilename
FN:24,extractTranscript
FN:33,(anonymous_3)
FN:42,(anonymous_4)
FN:57,transcribeAudio
FN:75,(anonymous_6)
FNF:6
FNH:5
FNDA:5,guessFilename
FNDA:3,extractTranscript
FNDA:2,(anonymous_3)
FNDA:3,(anonymous_4)
FNDA:8,transcribeAudio
FNDA:0,(anonymous_6)
DA:1,2
DA:2,2
DA:4,2
DA:5,2
DA:11,5
DA:12,5
DA:14,0
DA:15,0
DA:16,0
DA:17,0
DA:18,0
DA:26,3
DA:27,1
DA:31,2
DA:32,1
DA:33,2
DA:37,1
DA:41,1
DA:42,3
DA:43,1
DA:45,1
DA:48,0
DA:57,2
DA:58,8
DA:59,0
DA:60,0
DA:63,8
DA:64,8
DA:67,8
DA:68,8
DA:74,7
DA:75,0
DA:76,0
DA:79,6
DA:80,6
DA:82,6
DA:89,6
DA:90,1
DA:96,5
DA:97,0
DA:101,5
DA:102,5
DA:111,5
DA:113,5
DA:114,5
DA:116,5
DA:122,5
DA:128,5
DA:137,5
DA:138,1
DA:139,1
DA:140,1
DA:143,3
DA:146,3
DA:156,3
DA:158,3
DA:159,0
DA:160,0
DA:163,3
DA:164,3
DA:166,3
DA:168,5
DA:170,5
LF:63
LH:50
BRDA:11,0,0,5
BRDA:11,0,1,0
BRDA:12,1,0,5
BRDA:14,2,0,0
BRDA:15,3,0,0
BRDA:15,4,0,0
BRDA:15,4,1,0
BRDA:16,5,0,0
BRDA:17,6,0,0
BRDA:26,7,0,1
BRDA:26,8,0,3
BRDA:26,8,1,2
BRDA:31,9,0,1
BRDA:37,10,0,1
BRDA:41,11,0,1
BRDA:58,12,0,0
BRDA:74,13,0,0
BRDA:79,14,0,6
BRDA:79,14,1,0
BRDA:89,15,0,1
BRDA:96,16,0,0
BRDA:113,17,0,5
BRDA:113,17,1,0
BRDA:137,18,0,1
BRDA:148,19,0,3
BRDA:148,19,1,2
BRDA:150,20,0,3
BRDA:150,20,1,2
BRDA:152,21,0,1
BRDA:152,21,1,2
BRDA:158,22,0,0
BRDA:163,23,0,0
BRDA:163,23,1,3
BRF:33
BRH:19
end_of_record
TN:
SF:api/services/users.ts
FN:9,(anonymous_1)
FN:14,(anonymous_2)
FN:19,(anonymous_3)
FN:24,(anonymous_4)
FN:29,(anonymous_5)
FN:33,(anonymous_6)
FN:38,(anonymous_7)
FN:43,(anonymous_8)
FN:48,(anonymous_9)
FN:52,(anonymous_10)
FNF:10
FNH:10
FNDA:2,(anonymous_1)
FNDA:1,(anonymous_2)
FNDA:1,(anonymous_3)
FNDA:2,(anonymous_4)
FNDA:1,(anonymous_5)
FNDA:1,(anonymous_6)
FNDA:1,(anonymous_7)
FNDA:1,(anonymous_8)
FNDA:1,(anonymous_9)
FNDA:1,(anonymous_10)
DA:1,2
DA:3,2
DA:4,2
DA:6,2
DA:7,2
DA:9,2
DA:10,2
DA:11,2
DA:14,2
DA:15,1
DA:16,1
DA:19,2
DA:20,1
DA:21,1
DA:24,2
DA:25,2
DA:26,2
DA:29,2
DA:30,1
DA:33,2
DA:34,1
DA:35,1
DA:38,2
DA:39,1
DA:40,1
DA:43,2
DA:44,1
DA:45,1
DA:48,2
DA:49,1
DA:52,2
DA:53,1
DA:57,1
DA:61,1
DA:64,2
LF:35
LH:35
BRF:0
BRH:0
end_of_record
TN:
SF:middleware/auth.ts
FN:29,(anonymous_1)
FN:43,(anonymous_2)
FN:44,(anonymous_3)
FN:52,(anonymous_4)
FN:53,(anonymous_5)
FN:61,(anonymous_6)
FN:70,(anonymous_7)
FN:79,(anonymous_8)
FNF:8
FNH:7
FNDA:4,(anonymous_1)
FNDA:3,(anonymous_2)
FNDA:3,(anonymous_3)
FNDA:3,(anonymous_4)
FNDA:3,(anonymous_5)
FNDA:3,(anonymous_6)
FNDA:0,(anonymous_7)
FNDA:6,(anonymous_8)
DA:2,1
DA:3,1
DA:4,1
DA:5,1
DA:6,1
DA:16,1
DA:29,1
DA:30,4
DA:31,4
DA:32,3
DA:33,3
DA:34,2
DA:35,1
DA:36,1
DA:40,3
DA:43,1
DA:44,3
DA:45,3
DA:46,2
DA:48,1
DA:52,1
DA:53,3
DA:54,3
DA:55,2
DA:57,1
DA:61,1
DA:62,3
DA:63,3
DA:64,3
DA:65,2
DA:67,1
DA:70,1
DA:71,0
DA:72,0
DA:73,0
DA:74,0
DA:76,0
DA:79,1
DA:80,6
DA:81,6
DA:82,6
DA:83,1
DA:85,5
DA:86,1
DA:88,4
DA:89,4
DA:90,3
DA:91,1
DA:95,3
DA:98,1
LF:50
LH:45
BRDA:31,0,0,1
BRDA:34,1,0,1
BRDA:45,2,0,2
BRDA:54,3,0,2
BRDA:54,4,0,3
BRDA:54,4,1,2
BRDA:64,5,0,2
BRDA:64,6,0,3
BRDA:64,6,1,2
BRDA:73,7,0,0
BRDA:73,8,0,0
BRDA:73,8,1,0
BRDA:82,9,0,1
BRDA:85,10,0,1
BRDA:90,11,0,1
BRF:15
BRH:12
end_of_record
TN:
SF:utils/genAI.ts
FN:14,(anonymous_1)
FN:23,(anonymous_2)
FN:34,(anonymous_3)
FNF:3
FNH:3
FNDA:2,(anonymous_1)
FNDA:1,(anonymous_2)
FNDA:1,(anonymous_3)
DA:1,2
DA:2,2
DA:3,2
DA:5,2
DA:7,2
DA:14,2
DA:15,2
DA:16,2
DA:20,2
DA:23,2
DA:24,1
DA:25,1
DA:26,1
DA:27,1
DA:31,1
DA:34,2
DA:35,1
DA:36,1
DA:40,1
DA:43,2
LF:20
LH:20
BRDA:10,0,0,2
BRDA:10,0,1,2
BRDA:20,1,0,2
BRDA:20,1,1,1
BRDA:31,2,0,1
BRDA:31,2,1,0
BRDA:40,3,0,1
BRDA:40,3,1,0
BRF:8
BRH:6
end_of_record
TN:
SF:utils/prompts.ts
FN:2,(anonymous_0)
FN:151,(anonymous_1)
FNF:2
FNH:2
FNDA:1,(anonymous_0)
FNDA:1,(anonymous_1)
DA:2,2
DA:94,2
DA:151,2
DA:160,2
LF:4
LH:4
BRF:0
BRH:0
end_of_record
TN:
SF:utils/recentData.ts
FN:7,(anonymous_1)
FN:16,(anonymous_2)
FNF:2
FNH:2
FNDA:2,(anonymous_1)
FNDA:2,(anonymous_2)
DA:1,1
DA:2,1
DA:3,1
DA:5,1
DA:7,1
DA:8,2
DA:9,2
DA:10,2
DA:11,2
DA:12,2
DA:13,2
DA:16,1
DA:17,2
DA:18,2
DA:19,2
DA:20,2
DA:21,2
DA:22,2
LF:18
LH:18
BRDA:11,0,0,1
BRDA:12,1,0,1
BRDA:20,2,0,1
BRDA:21,3,0,1
BRF:4
BRH:4
end_of_record
